Build started 11/16/2021 12:22:37 AM.
     1>Project "F:\THNMLT\Buoi1\Bai1\Bai1\Bai1.vcxproj" on node 2 (Build target(s)).
     1>ClCompile:
         C:\Program Files (x86)\Microsoft Visual Studio 11.0\VC\bin\CL.exe /c /ZI /nologo /W3 /WX- /Od /Oy- /D _MBCS /Gm /EHsc /RTC1 /MDd /GS /fp:precise /Zc:wchar_t /Zc:forScope /Fo"Debug\\" /Fd"Debug\vc110.pdb" /Gd /TP /analyze- /errorReport:prompt Bai5.cpp
         Bai5.cpp
     1>f:\thnmlt\buoi1\bai1\bai1\bai5.cpp(14): warning C4129: 'S' : unrecognized character escape sequence
     1>f:\thnmlt\buoi1\bai1\bai1\bai5.cpp(15): warning C4244: '=' : conversion from 'double' to 'float', possible loss of data
     1>f:\thnmlt\buoi1\bai1\bai1\bai5.cpp(16): warning C4244: '=' : conversion from 'double' to 'float', possible loss of data
     1>f:\thnmlt\buoi1\bai1\bai1\bai5.cpp(21): warning C4996: 'getch': The POSIX name for this item is deprecated. Instead, use the ISO C++ conformant name: _getch. See online help for details.
                 c:\program files (x86)\microsoft visual studio 11.0\vc\include\conio.h(131) : see declaration of 'getch'
       Link:
         C:\Program Files (x86)\Microsoft Visual Studio 11.0\VC\bin\link.exe /ERRORREPORT:PROMPT /OUT:"F:\THNMLT\Buoi1\Bai1\Debug\Bai1.exe" /INCREMENTAL /NOLOGO kernel32.lib user32.lib gdi32.lib winspool.lib comdlg32.lib advapi32.lib shell32.lib ole32.lib oleaut32.lib uuid.lib odbc32.lib odbccp32.lib /MANIFEST /MANIFESTUAC:"level='asInvoker' uiAccess='false'" /manifest:embed /DEBUG /PDB:"F:\THNMLT\Buoi1\Bai1\Debug\Bai1.pdb" /SUBSYSTEM:CONSOLE /TLBID:1 /DYNAMICBASE /NXCOMPAT /IMPLIB:"F:\THNMLT\Buoi1\Bai1\Debug\Bai1.lib" /MACHINE:X86 Debug\Bai1.obj
         Debug\Bai10.obj
         Debug\Bai11.obj
         Debug\Bai2.obj
         Debug\Bai3.obj
         Debug\Bai4.obj
         Debug\Bai5.obj
         Debug\Bai6.obj
         Debug\Bai7.obj
         Debug\Bai8.obj
         Debug\Bai9.obj
         Bai1.vcxproj -> F:\THNMLT\Buoi1\Bai1\Debug\Bai1.exe
     1>Done Building Project "F:\THNMLT\Buoi1\Bai1\Bai1\Bai1.vcxproj" (Build target(s)).

Build succeeded.

Time Elapsed 00:00:00.53
